[INFO ] 2018-08-13 06:48:57,941 [repositories/northwind] POST query 459838564
[INFO ] 2018-08-13 06:48:58,644 [repositories/northwind] Request for query 459838564 is finished
[INFO ] 2018-08-13 06:49:03,494 [repositories/northwind] GET query -1071018242
[INFO ] 2018-08-13 06:49:03,523 [repositories/northwind] Request for query -1071018242 is finished
[INFO ] 2018-08-13 06:49:07,226 [repositories/northwind] GET query -1143069629
[INFO ] 2018-08-13 06:49:07,234 [repositories/northwind] POST query 1311997000
[INFO ] 2018-08-13 06:49:07,366 [repositories/northwind] Request for query -1143069629 is finished
[INFO ] 2018-08-13 06:49:08,686 [repositories/northwind] Request for query 1311997000 is finished
[INFO ] 2018-08-13 06:51:24,514 [repositories/northwind] GET query -1071018242
[INFO ] 2018-08-13 06:51:24,537 [repositories/northwind] Request for query -1071018242 is finished
[INFO ] 2018-08-13 06:51:31,209 [repositories/northwind] GET query -1143069629
[INFO ] 2018-08-13 06:51:31,216 [repositories/northwind] POST query 1311997000
[INFO ] 2018-08-13 06:51:31,373 [repositories/northwind] Request for query -1143069629 is finished
[INFO ] 2018-08-13 06:51:32,503 [repositories/northwind] Request for query 1311997000 is finished
[INFO ] 2018-08-13 06:52:48,782 [repositories/northwind] GET query -1071018242
[INFO ] 2018-08-13 06:52:48,830 [repositories/northwind] Request for query -1071018242 is finished
[INFO ] 2018-08-13 06:52:56,671 [repositories/northwind] GET query -1143069629
[INFO ] 2018-08-13 06:52:56,678 [repositories/northwind] POST query 1311997000
[INFO ] 2018-08-13 06:52:56,742 [repositories/northwind] Request for query -1143069629 is finished
[INFO ] 2018-08-13 06:52:58,434 [repositories/northwind] Request for query 1311997000 is finished
[INFO ] 2018-08-13 06:58:27,780 [repositories/northwind] GET query -1071018242
[INFO ] 2018-08-13 06:58:27,817 [repositories/northwind] Request for query -1071018242 is finished
[INFO ] 2018-08-13 06:58:31,946 [repositories/northwind] GET query -1143069629
[INFO ] 2018-08-13 06:58:31,946 [repositories/northwind] POST query 1311997000
[INFO ] 2018-08-13 06:58:32,036 [repositories/northwind] Request for query -1143069629 is finished
[INFO ] 2018-08-13 06:58:33,496 [repositories/northwind] Request for query 1311997000 is finished
[INFO ] 2018-08-13 06:59:06,649 [repositories/northwind] GET query -1071018242
[INFO ] 2018-08-13 06:59:06,691 [repositories/northwind] Request for query -1071018242 is finished
[INFO ] 2018-08-13 06:59:11,279 [repositories/northwind] GET query -1143069629
[INFO ] 2018-08-13 06:59:11,285 [repositories/northwind] POST query 1311997000
[INFO ] 2018-08-13 06:59:11,436 [repositories/northwind] Request for query -1143069629 is finished
[INFO ] 2018-08-13 06:59:12,972 [repositories/northwind] Request for query 1311997000 is finished
[INFO ] 2018-08-13 06:59:29,739 [repositories/northwind] GET query -1071018242
[INFO ] 2018-08-13 06:59:29,757 [repositories/northwind] Request for query -1071018242 is finished
[INFO ] 2018-08-13 06:59:52,597 [repositories/northwind] GET query -1143069629
[INFO ] 2018-08-13 06:59:52,602 [repositories/northwind] POST query 1311997000
[INFO ] 2018-08-13 06:59:52,703 [repositories/northwind] Request for query -1143069629 is finished
[INFO ] 2018-08-13 06:59:54,630 [repositories/northwind] Request for query 1311997000 is finished
[INFO ] 2018-08-13 08:00:11,580 [repositories/northwind] GET query -1071018242
[INFO ] 2018-08-13 08:00:11,632 [repositories/northwind] Request for query -1071018242 is finished
[INFO ] 2018-08-13 08:00:23,635 [repositories/northwind] GET query -1143069629
[INFO ] 2018-08-13 08:00:23,646 [repositories/northwind] POST query 1311997000
[INFO ] 2018-08-13 08:00:23,859 [repositories/northwind] Request for query -1143069629 is finished
[INFO ] 2018-08-13 08:00:24,800 [repositories/northwind] Request for query 1311997000 is finished
[INFO ] 2018-08-13 08:09:48,754 [repositories/northwind] GET query -1071018242
[INFO ] 2018-08-13 08:09:48,792 [repositories/northwind] Request for query -1071018242 is finished
[INFO ] 2018-08-13 08:10:01,197 [repositories/northwind] GET query -1143069629
[INFO ] 2018-08-13 08:10:01,203 [repositories/northwind] POST query 1311997000
[INFO ] 2018-08-13 08:10:01,358 [repositories/northwind] Request for query -1143069629 is finished
[INFO ] 2018-08-13 08:10:02,289 [repositories/northwind] Request for query 1311997000 is finished
[INFO ] 2018-08-13 08:11:20,089 [repositories/northwind] GET query -1071018242
[INFO ] 2018-08-13 08:11:20,105 [repositories/northwind] Request for query -1071018242 is finished
[INFO ] 2018-08-13 08:11:24,470 [repositories/northwind] GET query -1143069629
[INFO ] 2018-08-13 08:11:24,481 [repositories/northwind] POST query 1311997000
[INFO ] 2018-08-13 08:11:24,660 [repositories/northwind] Request for query -1143069629 is finished
[INFO ] 2018-08-13 08:11:26,264 [repositories/northwind] Request for query 1311997000 is finished
[INFO ] 2018-08-13 08:31:39,686 [repositories/northwind] POST query 459838564
[INFO ] 2018-08-13 08:31:40,221 [repositories/northwind] Request for query 459838564 is finished
[INFO ] 2018-08-13 08:31:43,961 [repositories/northwind] GET query -275390592
[INFO ] 2018-08-13 08:31:44,022 [repositories/northwind] Request for query -275390592 is finished
[INFO ] 2018-08-13 08:31:48,002 [repositories/northwind] GET query 1543067137
[INFO ] 2018-08-13 08:31:48,008 [repositories/northwind] POST query 232066378
[INFO ] 2018-08-13 08:31:48,222 [repositories/northwind] Request for query 1543067137 is finished
[INFO ] 2018-08-13 08:31:49,744 [repositories/northwind] Request for query 232066378 is finished
[INFO ] 2018-08-13 08:37:39,430 [repositories/northwind] GET query -275390592
[INFO ] 2018-08-13 08:37:39,453 [repositories/northwind] Request for query -275390592 is finished
[INFO ] 2018-08-13 08:37:43,534 [repositories/northwind] GET query 1543067137
[INFO ] 2018-08-13 08:37:43,548 [repositories/northwind] POST query 232066378
[INFO ] 2018-08-13 08:37:43,770 [repositories/northwind] Request for query 1543067137 is finished
[INFO ] 2018-08-13 08:37:45,629 [repositories/northwind] Request for query 232066378 is finished
[INFO ] 2018-08-13 08:38:37,576 [repositories/northwind] GET query -275390592
[INFO ] 2018-08-13 08:38:37,636 [repositories/northwind] Request for query -275390592 is finished
[INFO ] 2018-08-13 08:39:04,901 [repositories/northwind] GET query -275390592
[INFO ] 2018-08-13 08:39:04,911 [repositories/northwind] Request for query -275390592 is finished
[INFO ] 2018-08-13 08:39:07,097 [repositories/northwind] GET query 1184315060
[INFO ] 2018-08-13 08:39:07,491 [repositories/northwind] Request for query 1184315060 is finished
[INFO ] 2018-08-13 08:39:13,477 [repositories/northwind] GET query 1376287000
[INFO ] 2018-08-13 08:39:13,746 [repositories/northwind] Request for query 1376287000 is finished
[INFO ] 2018-08-13 08:42:42,341 [repositories/northwind] GET query 1184315060
[INFO ] 2018-08-13 08:42:42,498 [repositories/northwind] Request for query 1184315060 is finished
[INFO ] 2018-08-13 08:42:44,495 [repositories/northwind] POST query 459838564
[INFO ] 2018-08-13 08:42:45,702 [repositories/northwind] Request for query 459838564 is finished
[INFO ] 2018-08-13 08:42:52,181 [repositories/northwind] GET query -275390592
[INFO ] 2018-08-13 08:42:52,209 [repositories/northwind] Request for query -275390592 is finished
[INFO ] 2018-08-13 08:42:58,717 [repositories/northwind] GET query 1543067137
[INFO ] 2018-08-13 08:42:58,743 [repositories/northwind] POST query 232066378
[INFO ] 2018-08-13 08:42:59,124 [repositories/northwind] Request for query 1543067137 is finished
[INFO ] 2018-08-13 08:43:01,236 [repositories/northwind] Request for query 232066378 is finished
[INFO ] 2018-08-13 08:46:17,439 [repositories/northwind] GET query -275390592
[INFO ] 2018-08-13 08:46:17,495 [repositories/northwind] Request for query -275390592 is finished
[INFO ] 2018-08-13 08:58:42,138 [repositories/northwind] GET query -275390592
[INFO ] 2018-08-13 08:58:42,145 [repositories/northwind] Request for query -275390592 is finished
[INFO ] 2018-08-13 08:59:08,335 [repositories/northwind] GET query 1543067137
[INFO ] 2018-08-13 08:59:08,512 [repositories/northwind] Request for query 1543067137 is finished
[INFO ] 2018-08-13 09:06:00,313 [repositories/northwind] GET query -275390592
[INFO ] 2018-08-13 09:06:00,339 [repositories/northwind] Request for query -275390592 is finished
[INFO ] 2018-08-13 09:06:51,745 [repositories/northwind] GET query -275390592
[INFO ] 2018-08-13 09:06:51,771 [repositories/northwind] Request for query -275390592 is finished
[INFO ] 2018-08-13 09:07:54,228 [repositories/northwind] GET query -275390592
[INFO ] 2018-08-13 09:07:54,264 [repositories/northwind] Request for query -275390592 is finished
[INFO ] 2018-08-13 09:08:21,256 [repositories/northwind] GET query 1543067137
[INFO ] 2018-08-13 09:08:21,261 [repositories/northwind] Request for query 1543067137 is finished
[INFO ] 2018-08-13 09:08:54,987 [repositories/northwind] GET query -275390592
[INFO ] 2018-08-13 09:08:55,009 [repositories/northwind] Request for query -275390592 is finished
[INFO ] 2018-08-13 09:09:01,568 [repositories/northwind] GET query 1543067137
[INFO ] 2018-08-13 09:09:01,580 [repositories/northwind] Request for query 1543067137 is finished
[INFO ] 2018-08-13 09:09:40,999 [repositories/northwind] GET query -275390592
[INFO ] 2018-08-13 09:09:41,026 [repositories/northwind] Request for query -275390592 is finished
[INFO ] 2018-08-13 09:10:09,409 [repositories/northwind] GET query 1543067137
[INFO ] 2018-08-13 09:10:09,413 [repositories/northwind] Request for query 1543067137 is finished
[INFO ] 2018-08-13 09:10:40,554 [repositories/northwind] GET query 1543067137
[INFO ] 2018-08-13 09:10:40,564 [repositories/northwind] Request for query 1543067137 is finished
[INFO ] 2018-08-13 09:11:40,856 [repositories/northwind] GET query 1543067137
[INFO ] 2018-08-13 09:11:40,859 [repositories/northwind] Request for query 1543067137 is finished
[INFO ] 2018-08-13 09:12:12,466 [repositories/northwind] GET query 1543067137
[INFO ] 2018-08-13 09:12:12,469 [repositories/northwind] Request for query 1543067137 is finished
[INFO ] 2018-08-13 09:12:41,367 [repositories/northwind] GET query 1543067137
[INFO ] 2018-08-13 09:12:41,371 [repositories/northwind] Request for query 1543067137 is finished
[INFO ] 2018-08-13 09:13:28,752 [repositories/northwind] GET query 1543067137
[INFO ] 2018-08-13 09:13:28,755 [repositories/northwind] Request for query 1543067137 is finished
[INFO ] 2018-08-13 09:14:18,652 [repositories/northwind] GET query -275390592
[INFO ] 2018-08-13 09:14:18,657 [repositories/northwind] Request for query -275390592 is finished
[INFO ] 2018-08-13 09:14:25,311 [repositories/northwind] GET query 1543067137
[INFO ] 2018-08-13 09:14:25,315 [repositories/northwind] Request for query 1543067137 is finished
[INFO ] 2018-08-13 09:16:21,162 [repositories/northwind] GET query -275390592
[INFO ] 2018-08-13 09:16:21,170 [repositories/northwind] Request for query -275390592 is finished
[INFO ] 2018-08-13 09:16:28,281 [repositories/northwind] GET query 1543067137
[INFO ] 2018-08-13 09:16:28,285 [repositories/northwind] Request for query 1543067137 is finished
[INFO ] 2018-08-13 09:40:05,934 [repositories/northwind] GET query -275390592
[INFO ] 2018-08-13 09:40:05,939 [repositories/northwind] Request for query -275390592 is finished
[INFO ] 2018-08-13 09:40:31,704 [repositories/northwind] GET query -275390592
[INFO ] 2018-08-13 09:40:31,715 [repositories/northwind] Request for query -275390592 is finished
[INFO ] 2018-08-13 09:40:39,695 [repositories/northwind] GET query 1543067137
[INFO ] 2018-08-13 09:40:39,714 [repositories/northwind] Request for query 1543067137 is finished
[INFO ] 2018-08-13 09:41:20,880 [repositories/northwind] GET query -275390592
[INFO ] 2018-08-13 09:41:20,890 [repositories/northwind] Request for query -275390592 is finished
[INFO ] 2018-08-13 09:41:35,999 [repositories/northwind] GET query 1543067137
[INFO ] 2018-08-13 09:41:36,008 [repositories/northwind] Request for query 1543067137 is finished
[INFO ] 2018-08-13 09:42:25,661 [repositories/northwind] GET query -275390592
[INFO ] 2018-08-13 09:42:25,675 [repositories/northwind] Request for query -275390592 is finished
[INFO ] 2018-08-13 09:42:32,608 [repositories/northwind] GET query 1543067137
[INFO ] 2018-08-13 09:42:32,616 [repositories/northwind] Request for query 1543067137 is finished
[INFO ] 2018-08-13 10:06:31,150 [repositories/northwind] GET query -275390592
[INFO ] 2018-08-13 10:06:31,202 [repositories/northwind] Request for query -275390592 is finished
[INFO ] 2018-08-13 10:06:34,338 [repositories/northwind] GET query 1543067137
[INFO ] 2018-08-13 10:06:34,341 [repositories/northwind] Request for query 1543067137 is finished
[INFO ] 2018-08-13 10:07:36,616 [repositories/northwind] GET query -275390592
[INFO ] 2018-08-13 10:07:36,641 [repositories/northwind] Request for query -275390592 is finished
[INFO ] 2018-08-13 10:07:39,651 [repositories/northwind] GET query 1543067137
[INFO ] 2018-08-13 10:07:39,660 [repositories/northwind] Request for query 1543067137 is finished
[INFO ] 2018-08-13 10:07:41,268 [repositories/northwind] POST query 232066378
[INFO ] 2018-08-13 10:07:42,924 [repositories/northwind] Request for query 232066378 is finished
